<?xml version="1.0" encoding="utf-8" standalone="no"?>
<!--This file represents the results of running a test suite-->
<test-results name="C:\Users\juancarlos\Documents\GitHub\FerretinSoft2\pe.edu.pucp.ferretin.tdd\pe.edu.pucp.ferretin.tdd.csproj" total="39" errors="1" failures="7" not-run="0" inconclusive="0" ignored="0" skipped="0" invalid="0" date="2013-11-21" time="10:30:54">
  <environment nunit-version="2.6.3.13283" clr-version="2.0.50727.6400" os-version="Microsoft Windows NT 6.2.9200.0" platform="Win32NT" cwd="C:\Program Files (x86)\NUnit 2.6.3\bin" machine-name="JUANCARLOS" user="juancarlos" user-domain="JUANCARLOS" />
  <culture-info current-culture="es-ES" current-uiculture="es-ES" />
  <test-suite type="Project" name="C:\Users\juancarlos\Documents\GitHub\FerretinSoft2\pe.edu.pucp.ferretin.tdd\pe.edu.pucp.ferretin.tdd.csproj" executed="True" result="Failure" success="False" time="6.931" asserts="0">
    <results>
      <test-suite type="Assembly" name="C:\Users\juancarlos\Documents\GitHub\FerretinSoft2\pe.edu.pucp.ferretin.tdd\bin\Debug\pe.edu.pucp.ferretin.tdd.dll" executed="True" result="Failure" success="False" time="6.927" asserts="0">
        <results>
          <test-suite type="Namespace" name="pe" executed="True" result="Failure" success="False" time="6.926" asserts="0">
            <results>
              <test-suite type="Namespace" name="edu" executed="True" result="Failure" success="False" time="6.924" asserts="0">
                <results>
                  <test-suite type="Namespace" name="pucp" executed="True" result="Failure" success="False" time="6.922" asserts="0">
                    <results>
                      <test-suite type="Namespace" name="ferretin" executed="True" result="Failure" success="False" time="6.920" asserts="0">
                        <results>
                          <test-suite type="Namespace" name="tdd" executed="True" result="Failure" success="False" time="6.918" asserts="0">
                            <results>
                              <test-suite type="Namespace" name="MAlmacen" executed="True" result="Success" success="True" time="3.893" asserts="0">
                                <results>
                                  <test-suite type="TestFixture" name="MA_MantenimientoCategoriaTest" executed="True" result="Success" success="True" time="0.512" asserts="0">
                                    <results>
                                      <test-suite type="ParameterizedTest" name="Cantidad_minima_Categoria" executed="True" result="Success" success="True" time="0.382" asserts="0">
                                        <results>
                                          <test-case name="pe.edu.pucp.ferretin.tdd.MAlmacen.MA_MantenimientoCategoriaTest.Cantidad_minima_Categoria()" executed="True" result="Success" success="True" time="0.376" asserts="1" />
                                        </results>
                                      </test-suite>
                                      <test-suite type="ParameterizedTest" name="Nombre_De_Categoria_Unico" executed="True" result="Success" success="True" time="0.116" asserts="0">
                                        <results>
                                          <test-case name="pe.edu.pucp.ferretin.tdd.MAlmacen.MA_MantenimientoCategoriaTest.Nombre_De_Categoria_Unico()" executed="True" result="Success" success="True" time="0.112" asserts="8" />
                                        </results>
                                      </test-suite>
                                    </results>
                                  </test-suite>
                                  <test-suite type="TestFixture" name="MA_MantenimientoInventarioTest" executed="True" result="Success" success="True" time="0.505" asserts="0">
                                    <results>
                                      <test-suite type="ParameterizedTest" name="cantidadProductos_Inventario_tienda" executed="True" result="Success" success="True" time="0.503" asserts="0">
                                        <results>
                                          <test-case name="pe.edu.pucp.ferretin.tdd.MAlmacen.MA_MantenimientoInventarioTest.cantidadProductos_Inventario_tienda()" executed="True" result="Success" success="True" time="0.501" asserts="1" />
                                        </results>
                                      </test-suite>
                                    </results>
                                  </test-suite>
                                  <test-suite type="TestFixture" name="MA_MantenimientoProductosTest" executed="True" result="Success" success="True" time="2.091" asserts="0">
                                    <results>
                                      <test-suite type="ParameterizedTest" name="Cantidad_minima_producto_tienda" executed="True" result="Success" success="True" time="0.035" asserts="0">
                                        <results>
                                          <test-case name="pe.edu.pucp.ferretin.tdd.MAlmacen.MA_MantenimientoProductosTest.Cantidad_minima_producto_tienda()" executed="True" result="Success" success="True" time="0.033" asserts="1" />
                                        </results>
                                      </test-suite>
                                      <test-suite type="ParameterizedTest" name="Nombre_De_Producto_Unico" executed="True" result="Success" success="True" time="1.190" asserts="0">
                                        <results>
                                          <test-case name="pe.edu.pucp.ferretin.tdd.MAlmacen.MA_MantenimientoProductosTest.Nombre_De_Producto_Unico()" executed="True" result="Success" success="True" time="1.187" asserts="48" />
                                        </results>
                                      </test-suite>
                                      <test-suite type="ParameterizedTest" name="ProductoConCategoria" executed="True" result="Success" success="True" time="0.726" asserts="0">
                                        <results>
                                          <test-case name="pe.edu.pucp.ferretin.tdd.MAlmacen.MA_MantenimientoProductosTest.ProductoConCategoria()" executed="True" result="Success" success="True" time="0.724" asserts="48" />
                                        </results>
                                      </test-suite>
                                      <test-suite type="ParameterizedTest" name="stockActual_Superior_StockMinimo" executed="True" result="Success" success="True" time="0.078" asserts="0">
                                        <results>
                                          <test-case name="pe.edu.pucp.ferretin.tdd.MAlmacen.MA_MantenimientoProductosTest.stockActual_Superior_StockMinimo()" executed="True" result="Success" success="True" time="0.065" asserts="3" />
                                        </results>
                                      </test-suite>
                                    </results>
                                  </test-suite>
                                  <test-suite type="TestFixture" name="MA_MovimientosTest" executed="True" result="Success" success="True" time="0.560" asserts="0">
                                    <results>
                                      <test-suite type="ParameterizedTest" name="Movimiento_Con_Campos_Obligatorios" executed="True" result="Success" success="True" time="0.350" asserts="0">
                                        <results>
                                          <test-case name="pe.edu.pucp.ferretin.tdd.MAlmacen.MA_MovimientosTest.Movimiento_Con_Campos_Obligatorios()" executed="True" result="Success" success="True" time="0.345" asserts="681" />
                                        </results>
                                      </test-suite>
                                      <test-suite type="ParameterizedTest" name="Nombre_De_TipoMovimiento_Unico" executed="True" result="Success" success="True" time="0.099" asserts="0">
                                        <results>
                                          <test-case name="pe.edu.pucp.ferretin.tdd.MAlmacen.MA_MovimientosTest.Nombre_De_TipoMovimiento_Unico()" executed="True" result="Success" success="True" time="0.096" asserts="7" />
                                        </results>
                                      </test-suite>
                                      <test-suite type="ParameterizedTest" name="stock_LamparaGrande_TiendaLince1_entre_200_y_2000" executed="True" result="Success" success="True" time="0.089" asserts="0">
                                        <results>
                                          <test-case name="pe.edu.pucp.ferretin.tdd.MAlmacen.MA_MovimientosTest.stock_LamparaGrande_TiendaLince1_entre_200_y_2000()" executed="True" result="Success" success="True" time="0.085" asserts="2" />
                                        </results>
                                      </test-suite>
                                    </results>
                                  </test-suite>
                                  <test-suite type="TestFixture" name="MA_SolicitudAbastecimientoTest" executed="True" result="Success" success="True" time="0.168" asserts="0">
                                    <results>
                                      <test-suite type="ParameterizedTest" name="Estado_SolicitudAbastecimiento_Unico" executed="True" result="Success" success="True" time="0.086" asserts="0">
                                        <results>
                                          <test-case name="pe.edu.pucp.ferretin.tdd.MAlmacen.MA_SolicitudAbastecimientoTest.Estado_SolicitudAbastecimiento_Unico()" executed="True" result="Success" success="True" time="0.082" asserts="3" />
                                        </results>
                                      </test-suite>
                                      <test-suite type="ParameterizedTest" name="SolicitudAbastecimiento_Producto_CamposObligatorios" executed="True" result="Success" success="True" time="0.069" asserts="0">
                                        <results>
                                          <test-case name="pe.edu.pucp.ferretin.tdd.MAlmacen.MA_SolicitudAbastecimientoTest.SolicitudAbastecimiento_Producto_CamposObligatorios()" executed="True" result="Success" success="True" time="0.066" asserts="267" />
                                        </results>
                                      </test-suite>
                                    </results>
                                  </test-suite>
                                </results>
                              </test-suite>
                              <test-suite type="Namespace" name="MCompras" executed="True" result="Failure" success="False" time="0.688" asserts="0">
                                <results>
                                  <test-suite type="TestFixture" name="MC_AdministrarProveedorTest" executed="True" result="Failure" success="False" time="0.686" asserts="0">
                                    <results>
                                      <test-suite type="ParameterizedTest" name="cantidad_de_clientes_igual_a_6" executed="True" result="Failure" success="False" time="0.122" asserts="0">
                                        <results>
                                          <test-case name="pe.edu.pucp.ferretin.tdd.MCompras.MC_AdministrarProveedorTest.cantidad_de_clientes_igual_a_6()" executed="True" result="Failure" success="False" time="0.119" asserts="1">
                                            <failure>
                                              <message><![CDATA[  Expected: 6
  But was:  16
]]></message>
                                              <stack-trace><![CDATA[en pe.edu.pucp.ferretin.tdd.MCompras.MC_AdministrarProveedorTest.cantidad_de_clientes_igual_a_6() en c:\Users\juancarlos\Documents\GitHub\FerretinSoft2\pe.edu.pucp.ferretin.tdd\MCompras\MC_AdministrarProveedorTest.cs:línea 25
]]></stack-trace>
                                            </failure>
                                          </test-case>
                                        </results>
                                      </test-suite>
                                      <test-suite type="ParameterizedTest" name="codigo_de_proveedor_unico" executed="True" result="Success" success="True" time="0.339" asserts="0">
                                        <results>
                                          <test-case name="pe.edu.pucp.ferretin.tdd.MCompras.MC_AdministrarProveedorTest.codigo_de_proveedor_unico()" executed="True" result="Success" success="True" time="0.334" asserts="16" />
                                        </results>
                                      </test-suite>
                                      <test-suite type="ParameterizedTest" name="nombre_de_proveedor_unico" executed="True" result="Success" success="True" time="0.174" asserts="0">
                                        <results>
                                          <test-case name="pe.edu.pucp.ferretin.tdd.MCompras.MC_AdministrarProveedorTest.nombre_de_proveedor_unico()" executed="True" result="Success" success="True" time="0.172" asserts="16" />
                                        </results>
                                      </test-suite>
                                    </results>
                                  </test-suite>
                                </results>
                              </test-suite>
                              <test-suite type="Namespace" name="MRecursosHumanos" executed="True" result="Success" success="True" time="0.482" asserts="0">
                                <results>
                                  <test-suite type="TestFixture" name="MR_AdministrarEmpleadosTest" executed="True" result="Success" success="True" time="0.481" asserts="0">
                                    <results>
                                      <test-suite type="ParameterizedTest" name="cantidad_de_empleados_igual_a_22" executed="True" result="Success" success="True" time="0.008" asserts="0">
                                        <results>
                                          <test-case name="pe.edu.pucp.ferretin.tdd.MRecursosHumanos.MR_AdministrarEmpleadosTest.cantidad_de_empleados_igual_a_22()" executed="True" result="Success" success="True" time="0.005" asserts="1" />
                                        </results>
                                      </test-suite>
                                      <test-suite type="ParameterizedTest" name="Empleado_Unico_En_Registro" executed="True" result="Success" success="True" time="0.369" asserts="0">
                                        <results>
                                          <test-case name="pe.edu.pucp.ferretin.tdd.MRecursosHumanos.MR_AdministrarEmpleadosTest.Empleado_Unico_En_Registro()" executed="True" result="Success" success="True" time="0.367" asserts="16" />
                                        </results>
                                      </test-suite>
                                      <test-suite type="ParameterizedTest" name="empleados_no_nulos" executed="True" result="Success" success="True" time="0.085" asserts="0">
                                        <results>
                                          <test-case name="pe.edu.pucp.ferretin.tdd.MRecursosHumanos.MR_AdministrarEmpleadosTest.empleados_no_nulos()" executed="True" result="Success" success="True" time="0.081" asserts="1" />
                                        </results>
                                      </test-suite>
                                    </results>
                                  </test-suite>
                                </results>
                              </test-suite>
                              <test-suite type="Namespace" name="MSeguridad" executed="True" result="Failure" success="False" time="0.566" asserts="0">
                                <results>
                                  <test-suite type="TestFixture" name="MS_AdministrarPerfilesTest" executed="True" result="Failure" success="False" time="0.073" asserts="0">
                                    <results>
                                      <test-suite type="ParameterizedTest" name="cantidad_de_perfiles_igual_a_12" executed="True" result="Failure" success="False" time="0.022" asserts="0">
                                        <results>
                                          <test-case name="pe.edu.pucp.ferretin.tdd.MSeguridad.MS_AdministrarPerfilesTest.cantidad_de_perfiles_igual_a_12()" executed="True" result="Failure" success="False" time="0.018" asserts="1">
                                            <failure>
                                              <message><![CDATA[  Expected: 12
  But was:  13
]]></message>
                                              <stack-trace><![CDATA[en pe.edu.pucp.ferretin.tdd.MSeguridad.MS_AdministrarPerfilesTest.cantidad_de_perfiles_igual_a_12() en c:\Users\juancarlos\Documents\GitHub\FerretinSoft2\pe.edu.pucp.ferretin.tdd\MSeguridad\MS_AdministrarPerfilesTest.cs:línea 45
]]></stack-trace>
                                            </failure>
                                          </test-case>
                                        </results>
                                      </test-suite>
                                      <test-suite type="ParameterizedTest" name="perfiles_no_nulos" executed="True" result="Success" success="True" time="0.036" asserts="0">
                                        <results>
                                          <test-case name="pe.edu.pucp.ferretin.tdd.MSeguridad.MS_AdministrarPerfilesTest.perfiles_no_nulos()" executed="True" result="Success" success="True" time="0.030" asserts="1" />
                                        </results>
                                      </test-suite>
                                    </results>
                                  </test-suite>
                                  <test-suite type="TestFixture" name="MS_AdministrarTiendasTest" executed="True" result="Failure" success="False" time="0.041" asserts="0">
                                    <results>
                                      <test-suite type="ParameterizedTest" name="cantidad_de_tiendas_igual_a_16" executed="True" result="Failure" success="False" time="0.011" asserts="0">
                                        <results>
                                          <test-case name="pe.edu.pucp.ferretin.tdd.MSeguridad.MS_AdministrarTiendasTest.cantidad_de_tiendas_igual_a_16()" executed="True" result="Failure" success="False" time="0.008" asserts="1">
                                            <failure>
                                              <message><![CDATA[  Expected: 16
  But was:  18
]]></message>
                                              <stack-trace><![CDATA[en pe.edu.pucp.ferretin.tdd.MSeguridad.MS_AdministrarTiendasTest.cantidad_de_tiendas_igual_a_16() en c:\Users\juancarlos\Documents\GitHub\FerretinSoft2\pe.edu.pucp.ferretin.tdd\MSeguridad\MS_AdministrarTiendasTest.cs:línea 45
]]></stack-trace>
                                            </failure>
                                          </test-case>
                                        </results>
                                      </test-suite>
                                      <test-suite type="ParameterizedTest" name="tiendas_no_nulos" executed="True" result="Success" success="True" time="0.015" asserts="0">
                                        <results>
                                          <test-case name="pe.edu.pucp.ferretin.tdd.MSeguridad.MS_AdministrarTiendasTest.tiendas_no_nulos()" executed="True" result="Success" success="True" time="0.012" asserts="1" />
                                        </results>
                                      </test-suite>
                                    </results>
                                  </test-suite>
                                  <test-suite type="TestFixture" name="MS_AdministrarUsuariosTest" executed="True" result="Failure" success="False" time="0.118" asserts="0">
                                    <results>
                                      <test-suite type="ParameterizedTest" name="cantidad_de_usuarios_igual_a_16" executed="True" result="Failure" success="False" time="0.032" asserts="0">
                                        <results>
                                          <test-case name="pe.edu.pucp.ferretin.tdd.MSeguridad.MS_AdministrarUsuariosTest.cantidad_de_usuarios_igual_a_16()" executed="True" result="Failure" success="False" time="0.028" asserts="1">
                                            <failure>
                                              <message><![CDATA[  Expected: 16
  But was:  13
]]></message>
                                              <stack-trace><![CDATA[en pe.edu.pucp.ferretin.tdd.MSeguridad.MS_AdministrarUsuariosTest.cantidad_de_usuarios_igual_a_16() en c:\Users\juancarlos\Documents\GitHub\FerretinSoft2\pe.edu.pucp.ferretin.tdd\MSeguridad\MS_AdministrarUsuariosTest.cs:línea 45
]]></stack-trace>
                                            </failure>
                                          </test-case>
                                        </results>
                                      </test-suite>
                                      <test-suite type="ParameterizedTest" name="usuarios_no_nulos" executed="True" result="Success" success="True" time="0.071" asserts="0">
                                        <results>
                                          <test-case name="pe.edu.pucp.ferretin.tdd.MSeguridad.MS_AdministrarUsuariosTest.usuarios_no_nulos()" executed="True" result="Success" success="True" time="0.067" asserts="1" />
                                        </results>
                                      </test-suite>
                                    </results>
                                  </test-suite>
                                  <test-suite type="TestFixture" name="MS_ParametrosTest" executed="True" result="Success" success="True" time="0.285" asserts="0">
                                    <results>
                                      <test-suite type="ParameterizedTest" name="cantidad_de_soles_por_punto_igual_10_soles" executed="True" result="Success" success="True" time="0.035" asserts="0">
                                        <results>
                                          <test-case name="pe.edu.pucp.ferretin.tdd.MSeguridad.MS_ParametrosTest.cantidad_de_soles_por_punto_igual_10_soles()" executed="True" result="Success" success="True" time="0.032" asserts="1" />
                                        </results>
                                      </test-suite>
                                      <test-suite type="ParameterizedTest" name="numero_intentos_maximo_igual_a_5_intentos" executed="True" result="Success" success="True" time="0.013" asserts="0">
                                        <results>
                                          <test-case name="pe.edu.pucp.ferretin.tdd.MSeguridad.MS_ParametrosTest.numero_intentos_maximo_igual_a_5_intentos()" executed="True" result="Success" success="True" time="0.010" asserts="1" />
                                        </results>
                                      </test-suite>
                                      <test-suite type="ParameterizedTest" name="tiempo_maximo_de_duracion_de_clave_igual_10_dias" executed="True" result="Success" success="True" time="0.017" asserts="0">
                                        <results>
                                          <test-case name="pe.edu.pucp.ferretin.tdd.MSeguridad.MS_ParametrosTest.tiempo_maximo_de_duracion_de_clave_igual_10_dias()" executed="True" result="Success" success="True" time="0.008" asserts="1" />
                                        </results>
                                      </test-suite>
                                      <test-suite type="ParameterizedTest" name="tiempo_maximo_de_sesion_activa_igual_30_minutos" executed="True" result="Success" success="True" time="0.014" asserts="0">
                                        <results>
                                          <test-case name="pe.edu.pucp.ferretin.tdd.MSeguridad.MS_ParametrosTest.tiempo_maximo_de_sesion_activa_igual_30_minutos()" executed="True" result="Success" success="True" time="0.010" asserts="1" />
                                        </results>
                                      </test-suite>
                                      <test-suite type="ParameterizedTest" name="tipo_de_cambio_igual_2_83_soles" executed="True" result="Success" success="True" time="0.016" asserts="0">
                                        <results>
                                          <test-case name="pe.edu.pucp.ferretin.tdd.MSeguridad.MS_ParametrosTest.tipo_de_cambio_igual_2_83_soles()" executed="True" result="Success" success="True" time="0.008" asserts="1" />
                                        </results>
                                      </test-suite>
                                      <test-suite type="ParameterizedTest" name="valor_IGV_igual_18_porCiento" executed="True" result="Success" success="True" time="0.030" asserts="0">
                                        <results>
                                          <test-case name="pe.edu.pucp.ferretin.tdd.MSeguridad.MS_ParametrosTest.valor_IGV_igual_18_porCiento()" executed="True" result="Success" success="True" time="0.008" asserts="1" />
                                        </results>
                                      </test-suite>
                                      <test-suite type="ParameterizedTest" name="vigencia_de_notas_de_credito_igual_10_dias" executed="True" result="Success" success="True" time="0.010" asserts="0">
                                        <results>
                                          <test-case name="pe.edu.pucp.ferretin.tdd.MSeguridad.MS_ParametrosTest.vigencia_de_notas_de_credito_igual_10_dias()" executed="True" result="Success" success="True" time="0.008" asserts="1" />
                                        </results>
                                      </test-suite>
                                      <test-suite type="ParameterizedTest" name="vigencia_de_proforma_igual_10_dias" executed="True" result="Success" success="True" time="0.010" asserts="0">
                                        <results>
                                          <test-case name="pe.edu.pucp.ferretin.tdd.MSeguridad.MS_ParametrosTest.vigencia_de_proforma_igual_10_dias()" executed="True" result="Success" success="True" time="0.007" asserts="1" />
                                        </results>
                                      </test-suite>
                                      <test-suite type="ParameterizedTest" name="vigencia_de_vales_igual_30_dias" executed="True" result="Success" success="True" time="0.012" asserts="0">
                                        <results>
                                          <test-case name="pe.edu.pucp.ferretin.tdd.MSeguridad.MS_ParametrosTest.vigencia_de_vales_igual_30_dias()" executed="True" result="Success" success="True" time="0.008" asserts="1" />
                                        </results>
                                      </test-suite>
                                    </results>
                                  </test-suite>
                                </results>
                              </test-suite>
                              <test-suite type="Namespace" name="MVentas" executed="True" result="Failure" success="False" time="1.167" asserts="0">
                                <results>
                                  <test-suite type="TestFixture" name="MV_AdministrarClientesTest" executed="True" result="Failure" success="False" time="0.810" asserts="0">
                                    <results>
                                      <test-suite type="ParameterizedTest" name="cantidad_de_clientes_igual_a_6" executed="True" result="Success" success="True" time="0.012" asserts="0">
                                        <results>
                                          <test-case name="pe.edu.pucp.ferretin.tdd.MVentas.MV_AdministrarClientesTest.cantidad_de_clientes_igual_a_6()" executed="True" result="Success" success="True" time="0.010" asserts="1" />
                                        </results>
                                      </test-suite>
                                      <test-suite type="ParameterizedTest" name="clientes_no_nulos" executed="True" result="Failure" success="False" time="0.084" asserts="0">
                                        <results>
                                          <test-case name="pe.edu.pucp.ferretin.tdd.MVentas.MV_AdministrarClientesTest.clientes_no_nulos()" executed="True" result="Failure" success="False" time="0.082" asserts="1">
                                            <failure>
                                              <message><![CDATA[  Expected: 0
  But was:  1
]]></message>
                                              <stack-trace><![CDATA[en pe.edu.pucp.ferretin.tdd.MVentas.MV_AdministrarClientesTest.clientes_no_nulos() en c:\Users\juancarlos\Documents\GitHub\FerretinSoft2\pe.edu.pucp.ferretin.tdd\MVentas\MV_AdministrarClientesTest.cs:línea 31
]]></stack-trace>
                                            </failure>
                                          </test-case>
                                        </results>
                                      </test-suite>
                                      <test-suite type="ParameterizedTest" name="nombre_de_cliente_unico" executed="True" result="Failure" success="False" time="0.177" asserts="0">
                                        <results>
                                          <test-case name="pe.edu.pucp.ferretin.tdd.MVentas.MV_AdministrarClientesTest.nombre_de_cliente_unico()" executed="True" result="Error" success="False" time="0.175" asserts="5">
                                            <failure>
                                              <message><![CDATA[System.ArgumentNullException : El valor no puede ser nulo.
Nombre del parámetro: text]]></message>
                                              <stack-trace><![CDATA[en System.Data.Linq.SqlClient.SqlHelpers.GetStringContainsPattern(String text, Char escape, Boolean& usedEscapeChar)
en System.Data.Linq.SqlClient.PostBindDotNetConverter.Visitor.TranslateStringMethod(SqlMethodCall mc)
en System.Data.Linq.SqlClient.SqlVisitor.Visit(SqlNode node)
en System.Data.Linq.SqlClient.SqlVisitor.VisitExpression(SqlExpression exp)
en System.Data.Linq.SqlClient.SqlVisitor.VisitSelectCore(SqlSelect select)
en System.Data.Linq.SqlClient.PostBindDotNetConverter.Visitor.VisitSelect(SqlSelect select)
en System.Data.Linq.SqlClient.SqlVisitor.Visit(SqlNode node)
en System.Data.Linq.SqlClient.SqlProvider.BuildQuery(ResultShape resultShape, Type resultType, SqlNode node, ReadOnlyCollection`1 parentParameters, SqlNodeAnnotations annotations)
en System.Data.Linq.SqlClient.SqlProvider.BuildQuery(Expression query, SqlNodeAnnotations annotations)
en System.Data.Linq.SqlClient.SqlProvider.System.Data.Linq.Provider.IProvider.Execute(Expression query)
en System.Data.Linq.DataQuery`1.System.Collections.Generic.IEnumerable<T>.GetEnumerator()
en System.Linq.Enumerable.Count[TSource](IEnumerable`1 source)
en pe.edu.pucp.ferretin.tdd.MVentas.MV_AdministrarClientesTest.nombre_de_cliente_unico() en c:\Users\juancarlos\Documents\GitHub\FerretinSoft2\pe.edu.pucp.ferretin.tdd\MVentas\MV_AdministrarClientesTest.cs:línea 59
]]></stack-trace>
                                            </failure>
                                          </test-case>
                                        </results>
                                      </test-suite>
                                      <test-suite type="ParameterizedTest" name="nroDocumento_de_cliente_unico" executed="True" result="Failure" success="False" time="0.163" asserts="0">
                                        <results>
                                          <test-case name="pe.edu.pucp.ferretin.tdd.MVentas.MV_AdministrarClientesTest.nroDocumento_de_cliente_unico()" executed="True" result="Failure" success="False" time="0.160" asserts="6">
                                            <failure>
                                              <message><![CDATA[  Expected: 1
  But was:  0
]]></message>
                                              <stack-trace><![CDATA[en pe.edu.pucp.ferretin.tdd.MVentas.MV_AdministrarClientesTest.nroDocumento_de_cliente_unico() en c:\Users\juancarlos\Documents\GitHub\FerretinSoft2\pe.edu.pucp.ferretin.tdd\MVentas\MV_AdministrarClientesTest.cs:línea 81
]]></stack-trace>
                                            </failure>
                                          </test-case>
                                        </results>
                                      </test-suite>
                                      <test-suite type="ParameterizedTest" name="puntos_ganados_menos_puntos_usados_igual_puntos_disponibles" executed="True" result="Failure" success="False" time="0.331" asserts="0">
                                        <results>
                                          <test-case name="pe.edu.pucp.ferretin.tdd.MVentas.MV_AdministrarClientesTest.puntos_ganados_menos_puntos_usados_igual_puntos_disponibles()" executed="True" result="Failure" success="False" time="0.328" asserts="1">
                                            <failure>
                                              <message><![CDATA[  Expected: 350
  But was:  180
]]></message>
                                              <stack-trace><![CDATA[en pe.edu.pucp.ferretin.tdd.MVentas.MV_AdministrarClientesTest.puntos_ganados_menos_puntos_usados_igual_puntos_disponibles() en c:\Users\juancarlos\Documents\GitHub\FerretinSoft2\pe.edu.pucp.ferretin.tdd\MVentas\MV_AdministrarClientesTest.cs:línea 99
]]></stack-trace>
                                            </failure>
                                          </test-case>
                                        </results>
                                      </test-suite>
                                    </results>
                                  </test-suite>
                                  <test-suite type="TestFixture" name="MV_AdministrarVentasTest" executed="True" result="Success" success="True" time="0.335" asserts="0">
                                    <results>
                                      <test-suite type="ParameterizedTest" name="cantidad_de_venta_subtotal_mas_igv_igual_total" executed="True" result="Success" success="True" time="0.332" asserts="0">
                                        <results>
                                          <test-case name="pe.edu.pucp.ferretin.tdd.MVentas.MV_AdministrarVentasTest.cantidad_de_venta_subtotal_mas_igv_igual_total()" executed="True" result="Success" success="True" time="0.325" asserts="4" />
                                        </results>
                                      </test-suite>
                                    </results>
                                  </test-suite>
                                </results>
                              </test-suite>
                            </results>
                          </test-suite>
                        </results>
                      </test-suite>
                    </results>
                  </test-suite>
                </results>
              </test-suite>
            </results>
          </test-suite>
        </results>
      </test-suite>
    </results>
  </test-suite>
</test-results>